#-----------------------------------------------------------
# Vivado v2018.3 (64-bit)
# SW Build 2405991 on Thu Dec  6 23:38:27 MST 2018
# IP Build 2404404 on Fri Dec  7 01:43:56 MST 2018
# Start of session at: Mon Aug 24 22:34:13 2020
# Process ID: 5316
# Current directory: C:/Users/edoardo antonaci/Desktop/SW
# Command line: vivado.exe -gui_launcher_event rodinguilauncherevent3996 C:\Users\edoardo antonaci\Desktop\SW\SW.xpr
# Log file: C:/Users/edoardo antonaci/Desktop/SW/vivado.log
# Journal file: C:/Users/edoardo antonaci/Desktop/SW\vivado.jou
#-----------------------------------------------------------
start_gui
open_project {C:/Users/edoardo antonaci/Desktop/SW/SW.xpr}
Scanning sources...
Finished scanning sources
INFO: [IP_Flow 19-234] Refreshing IP repositories
INFO: [IP_Flow 19-1704] No user IP repositories specified
INFO: [IP_Flow 19-2313] Loaded Vivado IP repository 'C:/Xilinx/Vivado/2018.3/data/ip'.
open_project: Time (s): cpu = 00:00:18 ; elapsed = 00:00:11 . Memory (MB): peak = 789.469 ; gain = 166.445
update_compile_order -fileset sources_1
exit
INFO: [Common 17-206] Exiting Vivado at Mon Aug 24 22:34:52 2020...
